<?xml version="1.0" encoding="UTF-8"?>
<!-- Generated by org.testng.reporters.JUnitXMLReporter -->
<testsuite ignored="0" hostname="Aniket-PC" failures="0" tests="3" name="Test1" time="44.037" errors="0" timestamp="2024-07-14T16:35:48 IST">
  <testcase classname="testCases.TC_01_AccountRegistration" name="test1" time="9.389"/>
  <testcase classname="testCases.TC_2_LoginTest_ValidCredentials" name="test2" time="9.358"/>
  <testcase classname="testCases.TC_3_LoginTest_InvalidCredentials" name="test2" time="8.076"/>
</testsuite> <!-- Test1 -->
